<?xml version="1.0" encoding="UTF-8"?>
<!-- Generated by org.testng.reporters.JUnitReportReporter -->
<testsuite hostname="DESKTOP-4MSVC5H" failures="0" tests="1" name="tests.TestLoginWithPageFactory" time="0.994" errors="0" timestamp="2023-04-11T10:45:53 IST" skipped="0">
  <testcase classname="tests.TestLoginWithPageFactory" name="test_Home_Page_Appear_Correct" time="0.994"/>
  <system-out/>
</testsuite> <!-- tests.TestLoginWithPageFactory -->
