<?xml version="1.0" encoding="UTF-8"?>
<!-- Generated by org.testng.reporters.JUnitReportReporter -->
<testsuite hostname="DESKTOP-Q3H0F4P" failures="0" tests="1" name="tests.NoPOMTest" time="3.604" errors="0" timestamp="2023-04-13T11:26:31 IST" skipped="0">
  <testcase classname="tests.NoPOMTest" name="test_Home_Page_Appear_Correct" time="3.604"/>
  <system-out/>
</testsuite> <!-- tests.NoPOMTest -->
